0 info it worked if it ends with ok
1 verbose cli [ 'C:\\nodejs\\\\node.exe',
1 verbose cli   'C:\\nodejs\\node_modules\\npm\\bin\\npm-cli.js',
1 verbose cli   '-g',
1 verbose cli   'install',
1 verbose cli   'angularjs-generator' ]
2 info using npm@1.4.28
3 info using node@v0.10.32
4 verbose node symlink C:\nodejs\\node.exe
5 verbose cache add [ 'angularjs-generator', null ]
6 verbose cache add name=undefined spec="angularjs-generator" args=["angularjs-generator",null]
7 verbose parsed url { protocol: null,
7 verbose parsed url   slashes: null,
7 verbose parsed url   auth: null,
7 verbose parsed url   host: null,
7 verbose parsed url   port: null,
7 verbose parsed url   hostname: null,
7 verbose parsed url   hash: null,
7 verbose parsed url   search: null,
7 verbose parsed url   query: null,
7 verbose parsed url   pathname: 'angularjs-generator',
7 verbose parsed url   path: 'angularjs-generator',
7 verbose parsed url   href: 'angularjs-generator' }
8 silly lockFile eacd51df-angularjs-generator angularjs-generator
9 verbose lock angularjs-generator C:\Users\Boris\AppData\Roaming\npm-cache\eacd51df-angularjs-generator.lock
10 silly lockFile eacd51df-angularjs-generator angularjs-generator
11 silly lockFile eacd51df-angularjs-generator angularjs-generator
12 verbose addNamed [ 'angularjs-generator', '' ]
13 verbose addNamed [ null, '*' ]
14 silly lockFile 62eaec09-angularjs-generator angularjs-generator@
15 verbose lock angularjs-generator@ C:\Users\Boris\AppData\Roaming\npm-cache\62eaec09-angularjs-generator.lock
16 silly addNameRange { name: 'angularjs-generator', range: '*', hasData: false }
17 verbose request where is /angularjs-generator
18 verbose request registry https://registry.npmjs.org/
19 verbose request id 8a62087f7213b4c6
20 verbose url raw /angularjs-generator
21 verbose url resolving [ 'https://registry.npmjs.org/', './angularjs-generator' ]
22 verbose url resolved https://registry.npmjs.org/angularjs-generator
23 verbose request where is https://registry.npmjs.org/angularjs-generator
24 info trying registry request attempt 1 at 08:53:49
25 http GET https://registry.npmjs.org/angularjs-generator
26 http 404 https://registry.npmjs.org/angularjs-generator
27 verbose headers { date: 'Mon, 20 Oct 2014 06:53:37 GMT',
27 verbose headers   server: 'CouchDB/1.5.0 (Erlang OTP/R16B03)',
27 verbose headers   'content-type': 'application/json',
27 verbose headers   'cache-control': 'max-age=0',
27 verbose headers   'content-length': '52',
27 verbose headers   'accept-ranges': 'bytes',
27 verbose headers   via: '1.1 varnish',
27 verbose headers   age: '0',
27 verbose headers   'x-served-by': 'cache-lcy1126-LCY',
27 verbose headers   'x-cache': 'MISS',
27 verbose headers   'x-cache-hits': '0',
27 verbose headers   'x-timer': 'S1413788016.376520,VS0,VE625',
27 verbose headers   'keep-alive': 'timeout=10, max=50',
27 verbose headers   connection: 'Keep-Alive' }
28 silly registry.get cb [ 404,
28 silly registry.get   { date: 'Mon, 20 Oct 2014 06:53:37 GMT',
28 silly registry.get     server: 'CouchDB/1.5.0 (Erlang OTP/R16B03)',
28 silly registry.get     'content-type': 'application/json',
28 silly registry.get     'cache-control': 'max-age=0',
28 silly registry.get     'content-length': '52',
28 silly registry.get     'accept-ranges': 'bytes',
28 silly registry.get     via: '1.1 varnish',
28 silly registry.get     age: '0',
28 silly registry.get     'x-served-by': 'cache-lcy1126-LCY',
28 silly registry.get     'x-cache': 'MISS',
28 silly registry.get     'x-cache-hits': '0',
28 silly registry.get     'x-timer': 'S1413788016.376520,VS0,VE625',
28 silly registry.get     'keep-alive': 'timeout=10, max=50',
28 silly registry.get     connection: 'Keep-Alive' } ]
29 silly lockFile 62eaec09-angularjs-generator angularjs-generator@
30 silly lockFile 62eaec09-angularjs-generator angularjs-generator@
31 error 404 404 Not Found: angularjs-generator
31 error 404
31 error 404 'angularjs-generator' is not in the npm registry.
31 error 404 You should bug the author to publish it
31 error 404
31 error 404 Note that you can also install from a
31 error 404 tarball, folder, or http url, or git url.
32 error System Windows_NT 6.2.9200
33 error command "C:\\nodejs\\\\node.exe" "C:\\nodejs\\node_modules\\npm\\bin\\npm-cli.js" "-g" "install" "angularjs-generator"
34 error cwd C:\Users\Boris\Documents\GitHub\sqlexplorer-frontend
35 error node -v v0.10.32
36 error npm -v 1.4.28
37 error code E404
38 verbose exit [ 1, true ]
